


ARM Macro Assembler    Page 1 


    1 00000000         ;mycode
    2 00000000         
    3 00000000                 GLOBAL           flashing
    4 00000000                 AREA             mycode, CODE, Readonly
    5 00000000         flashing
    6 00000000         
    7 00000000 E002C000 
                       PINSEL0 EQU              0xE002C000  ;pin function selec
                                                            tion for port 0. PI
                                                            NSELO means PIN fun
                                                            ction SELection for
                                                             port 
    8 00000000 E3A00000        MOV              r0, #0
    9 00000004 E59F1048        LDR              r1, =PINSEL0
   10 00000008 E5810000        STR              r0,[r1]
   11 0000000C         
   12 0000000C 00000008 
                       IO0DIR  EQU              0x8         ;output/input pins
   13 0000000C         
   14 0000000C         
   15 0000000C E0028000 
                       IO0PIN  EQU              0xE0028000  ; set to input pin
   16 0000000C E59F1044        LDR              R1, =IO0PIN
   17 00000010 E5912008        LDR              R2, [r1,#IO0DIR]
   18 00000014 E3A00CFF        LDR              R0,= 0xFF00
   19 00000018 E1822000        ORR              R2,R2,R0
   20 0000001C E5812008        STR              R2, [r1,#IO0DIR]
   21 00000020         
   22 00000020         
   23 00000020 E3A00CFF        MOV              r0,    #0x0000FF00 
                                                            ;turns LEDs off
   24 00000024 E5810004        STR              r0, [r1,#IO0SET]
   25 00000028         
   26 00000028         ;Task
   27 00000028         
   28 00000028 00000004 
                       IO0SET  EQU              0x4
   29 00000028 0000000C 
                       IO0CLR  EQU              0xC
   30 00000028 0000FF00 
                       LEDMASK EQU              0x0000FF00
   31 00000028 00B71B00 
                       CLOCK   EQU              12000000
   32 00000028 002DC6C0 
                       DELAY1S EQU              (CLOCK/4)
   33 00000028         
   34 00000028 E59F802C 
                       LOOP    LDR              R8,=DELAY1S ;start of loop
   35 0000002C E2588001 
                       DELAY1  SUBS             R8,R8,#1    ;delaying by 1s
   36 00000030 1AFFFFFD        BNE              DELAY1
   37 00000034 E3A00CFF        MOV              R0, #LEDMASK ;turn LED's on
   38 00000038 E581000C        STR              R0,[R1,#IO0CLR]
   39 0000003C E59F7018        LDR              R7, =DELAY1S
   40 00000040 E2577001 
                       DELAY2  SUBS             R7, R7, #1  ;delay by 1s
   41 00000044 1AFFFFFD        BNE              DELAY2
   42 00000048 E5810004        STR              R0,[R1,#IO0SET]
   43 0000004C EAFFFFF5        B                LOOP        ;loop back to start



ARM Macro Assembler    Page 2 


                                                            
   44 00000050 EAFFFFFE 
                       stop    B                stop
   45 00000054                 END
              E002C000 
              E0028000 
              002DC6C0 
Command Line: --debug --xref --apcs=interwork --depend=.\objects\mycode.d -o.\o
bjects\mycode.o -IC:\Keil\ARM\RV31\INC -IC:\Keil\ARM\CMSIS\Include -IC:\Keil\AR
M\Inc\Philips --predefine="__EVAL SETA 1" --list=.\listings\mycode.lst mycode.s



ARM Macro Assembler    Page 1 Alphabetic symbol ordering
Relocatable symbols

DELAY1 0000002C

Symbol: DELAY1
   Definitions
      At line 35 in file mycode.s
   Uses
      At line 36 in file mycode.s
Comment: DELAY1 used once
DELAY2 00000040

Symbol: DELAY2
   Definitions
      At line 40 in file mycode.s
   Uses
      At line 41 in file mycode.s
Comment: DELAY2 used once
LOOP 00000028

Symbol: LOOP
   Definitions
      At line 34 in file mycode.s
   Uses
      At line 43 in file mycode.s
Comment: LOOP used once
flashing 00000000

Symbol: flashing
   Definitions
      At line 5 in file mycode.s
   Uses
      At line 3 in file mycode.s
Comment: flashing used once
mycode 00000000

Symbol: mycode
   Definitions
      At line 4 in file mycode.s
   Uses
      None
Comment: mycode unused
stop 00000050

Symbol: stop
   Definitions
      At line 44 in file mycode.s
   Uses
      At line 44 in file mycode.s
Comment: stop used once
6 symbols



ARM Macro Assembler    Page 1 Alphabetic symbol ordering
Absolute symbols

CLOCK 00B71B00

Symbol: CLOCK
   Definitions
      At line 31 in file mycode.s
   Uses
      At line 32 in file mycode.s
Comment: CLOCK used once
DELAY1S 002DC6C0

Symbol: DELAY1S
   Definitions
      At line 32 in file mycode.s
   Uses
      At line 34 in file mycode.s
      At line 39 in file mycode.s

IO0CLR 0000000C

Symbol: IO0CLR
   Definitions
      At line 29 in file mycode.s
   Uses
      At line 38 in file mycode.s
Comment: IO0CLR used once
IO0DIR 00000008

Symbol: IO0DIR
   Definitions
      At line 12 in file mycode.s
   Uses
      At line 17 in file mycode.s
      At line 20 in file mycode.s

IO0PIN E0028000

Symbol: IO0PIN
   Definitions
      At line 15 in file mycode.s
   Uses
      At line 16 in file mycode.s
Comment: IO0PIN used once
IO0SET 00000004

Symbol: IO0SET
   Definitions
      At line 28 in file mycode.s
   Uses
      At line 24 in file mycode.s
      At line 42 in file mycode.s

LEDMASK 0000FF00

Symbol: LEDMASK
   Definitions
      At line 30 in file mycode.s
   Uses
      At line 37 in file mycode.s
Comment: LEDMASK used once



ARM Macro Assembler    Page 2 Alphabetic symbol ordering
Absolute symbols

PINSEL0 E002C000

Symbol: PINSEL0
   Definitions
      At line 7 in file mycode.s
   Uses
      At line 9 in file mycode.s
Comment: PINSEL0 used once
8 symbols
347 symbols in table
